<?xml version="1.0" encoding="UTF-8"?>
<coverage generated="1605928788990" clover="3.2.0">
  <project timestamp="1605928788990" name="All files">
    <metrics statements="49" coveredstatements="48" conditionals="28" coveredconditionals="27" methods="7" coveredmethods="6" elements="84" coveredelements="81" complexity="0" loc="49" ncloc="49" packages="1" files="3" classes="3"/>
    <file name="cancion.js" path="C:\Users\Usuario\Desktop\ob2-ort-fis-obl2-alonso-palma-vera\src\tests\cancion.js">
      <metrics statements="7" coveredstatements="7" conditionals="0" coveredconditionals="0" methods="1" coveredmethods="1"/>
      <line num="6" count="9" type="stmt"/>
      <line num="7" count="9" type="stmt"/>
      <line num="8" count="9" type="stmt"/>
      <line num="9" count="9" type="stmt"/>
      <line num="10" count="9" type="stmt"/>
      <line num="11" count="9" type="stmt"/>
      <line num="16" count="1" type="stmt"/>
    </file>
    <file name="leccion.js" path="C:\Users\Usuario\Desktop\ob2-ort-fis-obl2-alonso-palma-vera\src\tests\leccion.js">
      <metrics statements="10" coveredstatements="10" conditionals="0" coveredconditionals="0" methods="1" coveredmethods="1"/>
      <line num="1" count="1" type="stmt"/>
      <line num="3" count="1" type="stmt"/>
      <line num="9" count="1" type="stmt"/>
      <line num="11" count="1" type="stmt"/>
      <line num="12" count="1" type="stmt"/>
      <line num="13" count="1" type="stmt"/>
      <line num="14" count="1" type="stmt"/>
      <line num="15" count="1" type="stmt"/>
      <line num="17" count="1" type="stmt"/>
      <line num="22" count="1" type="stmt"/>
    </file>
    <file name="sistema.js" path="C:\Users\Usuario\Desktop\ob2-ort-fis-obl2-alonso-palma-vera\src\tests\sistema.js">
      <metrics statements="32" coveredstatements="31" conditionals="28" coveredconditionals="27" methods="5" coveredmethods="4"/>
      <line num="1" count="1" type="stmt"/>
      <line num="2" count="1" type="stmt"/>
      <line num="10" count="20" type="stmt"/>
      <line num="11" count="20" type="stmt"/>
      <line num="12" count="20" type="stmt"/>
      <line num="13" count="20" type="stmt"/>
      <line num="25" count="8" type="stmt"/>
      <line num="27" count="8" type="cond" truecount="5" falsecount="0"/>
      <line num="28" count="3" type="stmt"/>
      <line num="30" count="5" type="cond" truecount="6" falsecount="0"/>
      <line num="32" count="4" type="stmt"/>
      <line num="35" count="1" type="stmt"/>
      <line num="36" count="1" type="stmt"/>
      <line num="37" count="1" type="stmt"/>
      <line num="40" count="8" type="stmt"/>
      <line num="47" count="11" type="stmt"/>
      <line num="49" count="11" type="cond" truecount="5" falsecount="0"/>
      <line num="50" count="5" type="stmt"/>
      <line num="52" count="6" type="cond" truecount="8" falsecount="0"/>
      <line num="56" count="4" type="stmt"/>
      <line num="59" count="2" type="stmt"/>
      <line num="60" count="2" type="stmt"/>
      <line num="61" count="2" type="stmt"/>
      <line num="64" count="11" type="stmt"/>
      <line num="71" count="2" type="stmt"/>
      <line num="72" count="2" type="stmt"/>
      <line num="73" count="2" type="cond" truecount="2" falsecount="0"/>
      <line num="75" count="1" type="cond" truecount="1" falsecount="1"/>
      <line num="76" count="0" type="stmt"/>
      <line num="78" count="1" type="stmt"/>
      <line num="80" count="2" type="stmt"/>
      <line num="85" count="1" type="stmt"/>
    </file>
  </project>
</coverage>
