{"C:\\Users\\Usuario\\Desktop\\gitTrucho\\src\\tests\\cancion.js": {"path":"C:\\Users\\Usuario\\Desktop\\gitTrucho\\src\\tests\\cancion.js","statementMap":{"0":{"start":{"line":5,"column":4},"end":{"line":5,"column":28}},"1":{"start":{"line":6,"column":4},"end":{"line":6,"column":25}},"2":{"start":{"line":7,"column":4},"end":{"line":7,"column":23}},"3":{"start":{"line":8,"column":4},"end":{"line":8,"column":31}},"4":{"start":{"line":9,"column":4},"end":{"line":9,"column":35}},"5":{"start":{"line":14,"column":0},"end":{"line":14,"column":33}}},"fnMap":{"0":{"name":"(anonymous_0)","decl":{"start":{"line":3,"column":2},"end":{"line":3,"column":3}},"loc":{"start":{"line":3,"column":69},"end":{"line":12,"column":3}},"line":3}},"branchMap":{},"s":{"0":24,"1":24,"2":24,"3":24,"4":24,"5":1},"f":{"0":24},"b":{},"_coverageSchema":"1a1c01bbd47fc00a2c39e90264f33305004495a9","hash":"532da21c5190ae504ce1fb74775bd96281d52377"}
,"C:\\Users\\Usuario\\Desktop\\gitTrucho\\src\\tests\\leccion.js": {"path":"C:\\Users\\Usuario\\Desktop\\gitTrucho\\src\\tests\\leccion.js","statementMap":{"0":{"start":{"line":5,"column":12},"end":{"line":5,"column":22}},"1":{"start":{"line":7,"column":4},"end":{"line":7,"column":28}},"2":{"start":{"line":8,"column":4},"end":{"line":8,"column":25}},"3":{"start":{"line":9,"column":4},"end":{"line":9,"column":34}},"4":{"start":{"line":10,"column":4},"end":{"line":10,"column":33}},"5":{"start":{"line":11,"column":4},"end":{"line":11,"column":73}},"6":{"start":{"line":12,"column":4},"end":{"line":12,"column":27}},"7":{"start":{"line":13,"column":4},"end":{"line":13,"column":35}},"8":{"start":{"line":19,"column":0},"end":{"line":19,"column":33}}},"fnMap":{"0":{"name":"(anonymous_0)","decl":{"start":{"line":3,"column":2},"end":{"line":3,"column":3}},"loc":{"start":{"line":3,"column":85},"end":{"line":16,"column":3}},"line":3}},"branchMap":{},"s":{"0":11,"1":11,"2":11,"3":11,"4":11,"5":11,"6":11,"7":11,"8":1},"f":{"0":11},"b":{},"_coverageSchema":"1a1c01bbd47fc00a2c39e90264f33305004495a9","hash":"e35aca3b96c093326996c409297ff1f49ec4d2d8"}
,"C:\\Users\\Usuario\\Desktop\\gitTrucho\\src\\tests\\sistema.js": {"path":"C:\\Users\\Usuario\\Desktop\\gitTrucho\\src\\tests\\sistema.js","statementMap":{"0":{"start":{"line":1,"column":16},"end":{"line":1,"column":39}},"1":{"start":{"line":2,"column":16},"end":{"line":2,"column":39}},"2":{"start":{"line":3,"column":20},"end":{"line":3,"column":21}},"3":{"start":{"line":4,"column":20},"end":{"line":4,"column":21}},"4":{"start":{"line":10,"column":4},"end":{"line":10,"column":29}},"5":{"start":{"line":11,"column":4},"end":{"line":11,"column":29}},"6":{"start":{"line":17,"column":4},"end":{"line":21,"column":5}},"7":{"start":{"line":17,"column":17},"end":{"line":17,"column":18}},"8":{"start":{"line":18,"column":25},"end":{"line":18,"column":178}},"9":{"start":{"line":19,"column":6},"end":{"line":19,"column":45}},"10":{"start":{"line":20,"column":6},"end":{"line":20,"column":22}},"11":{"start":{"line":25,"column":4},"end":{"line":39,"column":5}},"12":{"start":{"line":25,"column":15},"end":{"line":25,"column":16}},"13":{"start":{"line":26,"column":19},"end":{"line":26,"column":49}},"14":{"start":{"line":27,"column":24},"end":{"line":29,"column":7}},"15":{"start":{"line":30,"column":20},"end":{"line":30,"column":40}},"16":{"start":{"line":31,"column":17},"end":{"line":31,"column":51}},"17":{"start":{"line":32,"column":23},"end":{"line":34,"column":7}},"18":{"start":{"line":35,"column":6},"end":{"line":35,"column":53}},"19":{"start":{"line":36,"column":25},"end":{"line":36,"column":107}},"20":{"start":{"line":37,"column":6},"end":{"line":37,"column":45}},"21":{"start":{"line":38,"column":6},"end":{"line":38,"column":22}},"22":{"start":{"line":44,"column":18},"end":{"line":44,"column":22}},"23":{"start":{"line":46,"column":4},"end":{"line":59,"column":5}},"24":{"start":{"line":47,"column":6},"end":{"line":47,"column":22}},"25":{"start":{"line":49,"column":9},"end":{"line":59,"column":5}},"26":{"start":{"line":53,"column":6},"end":{"line":53,"column":22}},"27":{"start":{"line":56,"column":23},"end":{"line":56,"column":115}},"28":{"start":{"line":57,"column":6},"end":{"line":57,"column":43}},"29":{"start":{"line":58,"column":6},"end":{"line":58,"column":22}},"30":{"start":{"line":61,"column":4},"end":{"line":61,"column":19}},"31":{"start":{"line":67,"column":4},"end":{"line":69,"column":5}},"32":{"start":{"line":68,"column":6},"end":{"line":68,"column":18}},"33":{"start":{"line":70,"column":4},"end":{"line":74,"column":5}},"34":{"start":{"line":73,"column":6},"end":{"line":73,"column":18}},"35":{"start":{"line":75,"column":21},"end":{"line":75,"column":94}},"36":{"start":{"line":76,"column":4},"end":{"line":76,"column":41}},"37":{"start":{"line":77,"column":4},"end":{"line":77,"column":20}},"38":{"start":{"line":78,"column":4},"end":{"line":78,"column":22}},"39":{"start":{"line":83,"column":18},"end":{"line":83,"column":22}},"40":{"start":{"line":84,"column":15},"end":{"line":84,"column":16}},"41":{"start":{"line":86,"column":4},"end":{"line":92,"column":5}},"42":{"start":{"line":88,"column":6},"end":{"line":90,"column":7}},"43":{"start":{"line":89,"column":8},"end":{"line":89,"column":44}},"44":{"start":{"line":91,"column":6},"end":{"line":91,"column":13}},"45":{"start":{"line":93,"column":4},"end":{"line":93,"column":19}},"46":{"start":{"line":98,"column":24},"end":{"line":125,"column":1}},"47":{"start":{"line":129,"column":0},"end":{"line":133,"column":1}}},"fnMap":{"0":{"name":"(anonymous_0)","decl":{"start":{"line":8,"column":2},"end":{"line":8,"column":3}},"loc":{"start":{"line":8,"column":16},"end":{"line":14,"column":3}},"line":8},"1":{"name":"(anonymous_1)","decl":{"start":{"line":16,"column":2},"end":{"line":16,"column":3}},"loc":{"start":{"line":16,"column":20},"end":{"line":22,"column":3}},"line":16},"2":{"name":"(anonymous_2)","decl":{"start":{"line":24,"column":2},"end":{"line":24,"column":3}},"loc":{"start":{"line":24,"column":20},"end":{"line":40,"column":3}},"line":24},"3":{"name":"(anonymous_3)","decl":{"start":{"line":42,"column":2},"end":{"line":42,"column":3}},"loc":{"start":{"line":42,"column":73},"end":{"line":63,"column":3}},"line":42},"4":{"name":"(anonymous_4)","decl":{"start":{"line":65,"column":2},"end":{"line":65,"column":3}},"loc":{"start":{"line":65,"column":54},"end":{"line":79,"column":3}},"line":65},"5":{"name":"(anonymous_5)","decl":{"start":{"line":81,"column":2},"end":{"line":81,"column":3}},"loc":{"start":{"line":81,"column":19},"end":{"line":94,"column":3}},"line":81}},"branchMap":{"0":{"loc":{"start":{"line":35,"column":6},"end":{"line":35,"column":52}},"type":"cond-expr","locations":[{"start":{"line":35,"column":19},"end":{"line":35,"column":34}},{"start":{"line":35,"column":37},"end":{"line":35,"column":52}}],"line":35},"1":{"loc":{"start":{"line":46,"column":4},"end":{"line":59,"column":5}},"type":"if","locations":[{"start":{"line":46,"column":4},"end":{"line":59,"column":5}},{"start":{"line":46,"column":4},"end":{"line":59,"column":5}}],"line":46},"2":{"loc":{"start":{"line":46,"column":8},"end":{"line":46,"column":104}},"type":"binary-expr","locations":[{"start":{"line":46,"column":8},"end":{"line":46,"column":20}},{"start":{"line":46,"column":24},"end":{"line":46,"column":42}},{"start":{"line":46,"column":46},"end":{"line":46,"column":61}},{"start":{"line":46,"column":65},"end":{"line":46,"column":82}},{"start":{"line":46,"column":86},"end":{"line":46,"column":104}}],"line":46},"3":{"loc":{"start":{"line":49,"column":9},"end":{"line":59,"column":5}},"type":"if","locations":[{"start":{"line":49,"column":9},"end":{"line":59,"column":5}},{"start":{"line":49,"column":9},"end":{"line":59,"column":5}}],"line":49},"4":{"loc":{"start":{"line":49,"column":13},"end":{"line":51,"column":60}},"type":"binary-expr","locations":[{"start":{"line":49,"column":13},"end":{"line":49,"column":30}},{"start":{"line":49,"column":34},"end":{"line":49,"column":52}},{"start":{"line":49,"column":56},"end":{"line":49,"column":80}},{"start":{"line":50,"column":6},"end":{"line":50,"column":30}},{"start":{"line":50,"column":34},"end":{"line":50,"column":59}},{"start":{"line":51,"column":6},"end":{"line":51,"column":30}},{"start":{"line":51,"column":34},"end":{"line":51,"column":60}}],"line":49},"5":{"loc":{"start":{"line":67,"column":4},"end":{"line":69,"column":5}},"type":"if","locations":[{"start":{"line":67,"column":4},"end":{"line":69,"column":5}},{"start":{"line":67,"column":4},"end":{"line":69,"column":5}}],"line":67},"6":{"loc":{"start":{"line":67,"column":8},"end":{"line":67,"column":75}},"type":"binary-expr","locations":[{"start":{"line":67,"column":8},"end":{"line":67,"column":20}},{"start":{"line":67,"column":24},"end":{"line":67,"column":39}},{"start":{"line":67,"column":43},"end":{"line":67,"column":54}},{"start":{"line":67,"column":58},"end":{"line":67,"column":75}}],"line":67},"7":{"loc":{"start":{"line":70,"column":4},"end":{"line":74,"column":5}},"type":"if","locations":[{"start":{"line":70,"column":4},"end":{"line":74,"column":5}},{"start":{"line":70,"column":4},"end":{"line":74,"column":5}}],"line":70},"8":{"loc":{"start":{"line":70,"column":8},"end":{"line":72,"column":64}},"type":"binary-expr","locations":[{"start":{"line":70,"column":8},"end":{"line":70,"column":25}},{"start":{"line":70,"column":29},"end":{"line":70,"column":47}},{"start":{"line":71,"column":6},"end":{"line":71,"column":29}},{"start":{"line":71,"column":33},"end":{"line":71,"column":56}},{"start":{"line":72,"column":6},"end":{"line":72,"column":22}},{"start":{"line":72,"column":26},"end":{"line":72,"column":43}},{"start":{"line":72,"column":47},"end":{"line":72,"column":64}}],"line":70},"9":{"loc":{"start":{"line":86,"column":11},"end":{"line":86,"column":63}},"type":"binary-expr","locations":[{"start":{"line":86,"column":11},"end":{"line":86,"column":26}},{"start":{"line":86,"column":30},"end":{"line":86,"column":63}}],"line":86},"10":{"loc":{"start":{"line":88,"column":6},"end":{"line":90,"column":7}},"type":"if","locations":[{"start":{"line":88,"column":6},"end":{"line":90,"column":7}},{"start":{"line":88,"column":6},"end":{"line":90,"column":7}}],"line":88}},"s":{"0":1,"1":1,"2":1,"3":1,"4":29,"5":29,"6":1,"7":1,"8":10,"9":10,"10":10,"11":1,"12":1,"13":10,"14":10,"15":10,"16":10,"17":10,"18":10,"19":10,"20":10,"21":10,"22":13,"23":13,"24":5,"25":8,"26":7,"27":1,"28":1,"29":1,"30":13,"31":13,"32":7,"33":6,"34":4,"35":2,"36":2,"37":2,"38":2,"39":12,"40":12,"41":12,"42":1,"43":1,"44":1,"45":12,"46":1,"47":1},"f":{"0":29,"1":1,"2":1,"3":13,"4":13,"5":12},"b":{"0":[5,5],"1":[5,8],"2":[13,12,11,10,9],"3":[7,1],"4":[8,7,6,5,4,3,2],"5":[7,6],"6":[13,11,10,8],"7":[4,2],"8":[6,4,4,4,3,2,2],"9":[13,12],"10":[1,0]},"_coverageSchema":"1a1c01bbd47fc00a2c39e90264f33305004495a9","hash":"f43939c097680ea9d72acbf0bb667e5aaf0120da"}
}
