TN:
SF:src\tests\cancion.js
FN:3,(anonymous_0)
FNF:1
FNH:1
FNDA:24,(anonymous_0)
DA:5,24
DA:6,24
DA:7,24
DA:8,24
DA:9,24
DA:14,1
LF:6
LH:6
BRF:0
BRH:0
end_of_record
TN:
SF:src\tests\leccion.js
FN:3,(anonymous_0)
FNF:1
FNH:1
FNDA:11,(anonymous_0)
DA:5,11
DA:7,11
DA:8,11
DA:9,11
DA:10,11
DA:11,11
DA:12,11
DA:13,11
DA:19,1
LF:9
LH:9
BRF:0
BRH:0
end_of_record
TN:
SF:src\tests\sistema.js
FN:8,(anonymous_0)
FN:16,(anonymous_1)
FN:24,(anonymous_2)
FN:42,(anonymous_3)
FN:65,(anonymous_4)
FN:81,(anonymous_5)
FNF:6
FNH:6
FNDA:29,(anonymous_0)
FNDA:1,(anonymous_1)
FNDA:1,(anonymous_2)
FNDA:13,(anonymous_3)
FNDA:13,(anonymous_4)
FNDA:12,(anonymous_5)
DA:1,1
DA:2,1
DA:3,1
DA:4,1
DA:10,29
DA:11,29
DA:17,1
DA:18,10
DA:19,10
DA:20,10
DA:25,1
DA:26,10
DA:27,10
DA:30,10
DA:31,10
DA:32,10
DA:35,10
DA:36,10
DA:37,10
DA:38,10
DA:44,13
DA:46,13
DA:47,5
DA:49,8
DA:53,7
DA:56,1
DA:57,1
DA:58,1
DA:61,13
DA:67,13
DA:68,7
DA:70,6
DA:73,4
DA:75,2
DA:76,2
DA:77,2
DA:78,2
DA:83,12
DA:84,12
DA:86,12
DA:88,1
DA:89,1
DA:91,1
DA:93,12
DA:98,1
DA:129,1
LF:46
LH:46
BRDA:35,0,0,5
BRDA:35,0,1,5
BRDA:46,1,0,5
BRDA:46,1,1,8
BRDA:46,2,0,13
BRDA:46,2,1,12
BRDA:46,2,2,11
BRDA:46,2,3,10
BRDA:46,2,4,9
BRDA:49,3,0,7
BRDA:49,3,1,1
BRDA:49,4,0,8
BRDA:49,4,1,7
BRDA:49,4,2,6
BRDA:49,4,3,5
BRDA:49,4,4,4
BRDA:49,4,5,3
BRDA:49,4,6,2
BRDA:67,5,0,7
BRDA:67,5,1,6
BRDA:67,6,0,13
BRDA:67,6,1,11
BRDA:67,6,2,10
BRDA:67,6,3,8
BRDA:70,7,0,4
BRDA:70,7,1,2
BRDA:70,8,0,6
BRDA:70,8,1,4
BRDA:70,8,2,4
BRDA:70,8,3,4
BRDA:70,8,4,3
BRDA:70,8,5,2
BRDA:70,8,6,2
BRDA:86,9,0,13
BRDA:86,9,1,12
BRDA:88,10,0,1
BRDA:88,10,1,0
BRF:37
BRH:36
end_of_record
